<?xml version="1.0" encoding="UTF-8"?>
<!-- Generated by org.testng.reporters.JUnitXMLReporter -->
<testsuite hostname="DESKTOP-M2IPEVD" ignored="0" name="Test" tests="9" failures="2" timestamp="11 May 2023 10:54:04 GMT" time="0.169" errors="0">
  <testcase name="tc1" time="0.014" classname="org.sample.Sample">
    <skipped/>
  </testcase> <!-- tc1 -->
  <testcase name="tc1" time="0.003" classname="org.sample.Sample">
    <skipped/>
  </testcase> <!-- tc1 -->
  <testcase name="tc1" time="0.008" classname="org.sample.Sample">
    <skipped/>
  </testcase> <!-- tc1 -->
  <testcase name="tc1" time="0.012" classname="org.sample.Sample">
    <failure type="java.lang.ArithmeticException" message="/ by zero">
      <![CDATA[java.lang.ArithmeticException: / by zero
at org.sample.Sample.tc1(Sample.java:15)
... Removed 25 stack frames]]>
    </failure>
  </testcase> <!-- tc1 -->
  <testcase name="tc2" time="0.014" classname="org.sample.Sample">
    <skipped/>
  </testcase> <!-- tc2 -->
  <testcase name="tc2" time="0.007" classname="org.sample.Sample">
    <skipped/>
  </testcase> <!-- tc2 -->
  <testcase name="tc2" time="0.003" classname="org.sample.Sample">
    <skipped/>
  </testcase> <!-- tc2 -->
  <testcase name="tc2" time="0.002" classname="org.sample.Sample">
    <failure type="java.lang.AssertionError" message="change condition tc2 expected [true] but found [false]">
      <![CDATA[java.lang.AssertionError: change condition tc2 expected [true] but found [false]
at org.sample.Sample.tc2(Sample.java:9)
... Removed 28 stack frames]]>
    </failure>
  </testcase> <!-- tc2 -->
  <testcase name="tc3" time="0.001" classname="org.sample.Sample"/>
</testsuite> <!-- Test -->
